This is pdfTeX, Version 3.141592653-2.6-1.40.25 (MiKTeX 24.1) (preloaded format=pdflatex 2024.12.28)  30 DEC 2024 18:22
entering extended mode
 restricted \write18 enabled.
 %&-line parsing enabled.
**./_4_Tikz.tex
(_4_Tikz.tex
LaTeX2e <2023-11-01> patch level 1
L3 programming layer <2024-01-04>
(C:\Users\HP\AppData\Local\Programs\MiKTeX\tex/latex/standalone\standalone.cls
Document Class: standalone 2022/10/10 v1.3b Class to compile TeX sub-files stan
dalone
(C:\Users\HP\AppData\Local\Programs\MiKTeX\tex/latex/tools\shellesc.sty
Package: shellesc 2023/07/08 v1.0d unified shell escape interface for LaTeX
Package shellesc Info: Restricted shell escape enabled on input line 77.
)
(C:\Users\HP\AppData\Local\Programs\MiKTeX\tex/generic/iftex\ifluatex.sty
Package: ifluatex 2019/10/25 v1.5 ifluatex legacy package. Use iftex instead.

(C:\Users\HP\AppData\Local\Programs\MiKTeX\tex/generic/iftex\iftex.sty
Package: iftex 2022/02/03 v1.0f TeX engine tests
))
(C:\Users\HP\AppData\Local\Programs\MiKTeX\tex/latex/xkeyval\xkeyval.sty
Package: xkeyval 2022/06/16 v2.9 package option processing (HA)

(C:\Users\HP\AppData\Local\Programs\MiKTeX\tex/generic/xkeyval\xkeyval.tex
(C:\Users\HP\AppData\Local\Programs\MiKTeX\tex/generic/xkeyval\xkvutils.tex
\XKV@toks=\toks17
\XKV@tempa@toks=\toks18

(C:\Users\HP\AppData\Local\Programs\MiKTeX\tex/generic/xkeyval\keyval.tex))
\XKV@depth=\count187
File: xkeyval.tex 2014/12/03 v2.7a key=value parser (HA)
))
\sa@internal=\count188
\c@sapage=\count189

(C:\Users\HP\AppData\Local\Programs\MiKTeX\tex/latex/standalone\standalone.cfg
File: standalone.cfg 2022/10/10 v1.3b Default configuration file for 'standalon
e' class
) (C:\Users\HP\AppData\Local\Programs\MiKTeX\tex/latex/base\article.cls
Document Class: article 2023/05/17 v1.4n Standard LaTeX document class
(C:\Users\HP\AppData\Local\Programs\MiKTeX\tex/latex/base\size10.clo
File: size10.clo 2023/05/17 v1.4n Standard LaTeX file (size option)
)
\c@part=\count190
\c@section=\count191
\c@subsection=\count192
\c@subsubsection=\count193
\c@paragraph=\count194
\c@subparagraph=\count195
\c@figure=\count196
\c@table=\count197
\abovecaptionskip=\skip48
\belowcaptionskip=\skip49
\bibindent=\dimen140
)
\sa@box=\box51
)
(C:\Users\HP\AppData\Local\Programs\MiKTeX\tex/latex/pgf/frontendlayer\tikz.sty
(C:\Users\HP\AppData\Local\Programs\MiKTeX\tex/latex/pgf/basiclayer\pgf.sty
(C:\Users\HP\AppData\Local\Programs\MiKTeX\tex/latex/pgf/utilities\pgfrcs.sty
(C:\Users\HP\AppData\Local\Programs\MiKTeX\tex/generic/pgf/utilities\pgfutil-co
mmon.tex
\pgfutil@everybye=\toks19
\pgfutil@tempdima=\dimen141
\pgfutil@tempdimb=\dimen142
)
(C:\Users\HP\AppData\Local\Programs\MiKTeX\tex/generic/pgf/utilities\pgfutil-la
tex.def
\pgfutil@abb=\box52
)
(C:\Users\HP\AppData\Local\Programs\MiKTeX\tex/generic/pgf/utilities\pgfrcs.cod
e.tex
(C:\Users\HP\AppData\Local\Programs\MiKTeX\tex/generic/pgf\pgf.revision.tex)
Package: pgfrcs 2023-01-15 v3.1.10 (3.1.10)
))
Package: pgf 2023-01-15 v3.1.10 (3.1.10)

(C:\Users\HP\AppData\Local\Programs\MiKTeX\tex/latex/pgf/basiclayer\pgfcore.sty
(C:\Users\HP\AppData\Local\Programs\MiKTeX\tex/latex/graphics\graphicx.sty
Package: graphicx 2021/09/16 v1.2d Enhanced LaTeX Graphics (DPC,SPQR)

(C:\Users\HP\AppData\Local\Programs\MiKTeX\tex/latex/graphics\graphics.sty
Package: graphics 2022/03/10 v1.4e Standard LaTeX Graphics (DPC,SPQR)

(C:\Users\HP\AppData\Local\Programs\MiKTeX\tex/latex/graphics\trig.sty
Package: trig 2021/08/11 v1.11 sin cos tan (DPC)
)
(C:\Users\HP\AppData\Local\Programs\MiKTeX\tex/latex/graphics-cfg\graphics.cfg
File: graphics.cfg 2016/06/04 v1.11 sample graphics configuration
)
Package graphics Info: Driver file: pdftex.def on input line 107.
(C:\Users\HP\AppData\Local\Programs\MiKTeX\tex/latex/graphics-def\pdftex.def
File: pdftex.def 2022/09/22 v1.2b Graphics/color driver for pdftex
))
\Gin@req@height=\dimen143
\Gin@req@width=\dimen144
)
(C:\Users\HP\AppData\Local\Programs\MiKTeX\tex/latex/pgf/systemlayer\pgfsys.sty

(C:\Users\HP\AppData\Local\Programs\MiKTeX\tex/generic/pgf/systemlayer\pgfsys.c
ode.tex
Package: pgfsys 2023-01-15 v3.1.10 (3.1.10)

(C:\Users\HP\AppData\Local\Programs\MiKTeX\tex/generic/pgf/utilities\pgfkeys.co
de.tex
\pgfkeys@pathtoks=\toks20
\pgfkeys@temptoks=\toks21

(C:\Users\HP\AppData\Local\Programs\MiKTeX\tex/generic/pgf/utilities\pgfkeyslib
raryfiltered.code.tex
\pgfkeys@tmptoks=\toks22
))
\pgf@x=\dimen145
\pgf@y=\dimen146
\pgf@xa=\dimen147
\pgf@ya=\dimen148
\pgf@xb=\dimen149
\pgf@yb=\dimen150
\pgf@xc=\dimen151
\pgf@yc=\dimen152
\pgf@xd=\dimen153
\pgf@yd=\dimen154
\w@pgf@writea=\write3
\r@pgf@reada=\read2
\c@pgf@counta=\count198
\c@pgf@countb=\count199
\c@pgf@countc=\count266
\c@pgf@countd=\count267
\t@pgf@toka=\toks23
\t@pgf@tokb=\toks24
\t@pgf@tokc=\toks25
\pgf@sys@id@count=\count268

(C:\Users\HP\AppData\Local\Programs\MiKTeX\tex/generic/pgf/systemlayer\pgf.cfg
File: pgf.cfg 2023-01-15 v3.1.10 (3.1.10)
)
Driver file for pgf: pgfsys-pdftex.def

(C:\Users\HP\AppData\Local\Programs\MiKTeX\tex/generic/pgf/systemlayer\pgfsys-p
dftex.def
File: pgfsys-pdftex.def 2023-01-15 v3.1.10 (3.1.10)

(C:\Users\HP\AppData\Local\Programs\MiKTeX\tex/generic/pgf/systemlayer\pgfsys-c
ommon-pdf.def
File: pgfsys-common-pdf.def 2023-01-15 v3.1.10 (3.1.10)
)))
(C:\Users\HP\AppData\Local\Programs\MiKTeX\tex/generic/pgf/systemlayer\pgfsysso
ftpath.code.tex
File: pgfsyssoftpath.code.tex 2023-01-15 v3.1.10 (3.1.10)
\pgfsyssoftpath@smallbuffer@items=\count269
\pgfsyssoftpath@bigbuffer@items=\count270
)
(C:\Users\HP\AppData\Local\Programs\MiKTeX\tex/generic/pgf/systemlayer\pgfsyspr
otocol.code.tex
File: pgfsysprotocol.code.tex 2023-01-15 v3.1.10 (3.1.10)
))
(C:\Users\HP\AppData\Local\Programs\MiKTeX\tex/latex/xcolor\xcolor.sty
Package: xcolor 2023/11/15 v3.01 LaTeX color extensions (UK)

(C:\Users\HP\AppData\Local\Programs\MiKTeX\tex/latex/graphics-cfg\color.cfg
File: color.cfg 2016/01/02 v1.6 sample color configuration
)
Package xcolor Info: Driver file: pdftex.def on input line 274.

(C:\Users\HP\AppData\Local\Programs\MiKTeX\tex/latex/graphics\mathcolor.ltx)
Package xcolor Info: Model `cmy' substituted by `cmy0' on input line 1350.
Package xcolor Info: Model `hsb' substituted by `rgb' on input line 1354.
Package xcolor Info: Model `RGB' extended on input line 1366.
Package xcolor Info: Model `HTML' substituted by `rgb' on input line 1368.
Package xcolor Info: Model `Hsb' substituted by `hsb' on input line 1369.
Package xcolor Info: Model `tHsb' substituted by `hsb' on input line 1370.
Package xcolor Info: Model `HSB' substituted by `hsb' on input line 1371.
Package xcolor Info: Model `Gray' substituted by `gray' on input line 1372.
Package xcolor Info: Model `wave' substituted by `hsb' on input line 1373.
)
(C:\Users\HP\AppData\Local\Programs\MiKTeX\tex/generic/pgf/basiclayer\pgfcore.c
ode.tex
Package: pgfcore 2023-01-15 v3.1.10 (3.1.10)

(C:\Users\HP\AppData\Local\Programs\MiKTeX\tex/generic/pgf/math\pgfmath.code.te
x
(C:\Users\HP\AppData\Local\Programs\MiKTeX\tex/generic/pgf/math\pgfmathutil.cod
e.tex)
(C:\Users\HP\AppData\Local\Programs\MiKTeX\tex/generic/pgf/math\pgfmathparser.c
ode.tex
\pgfmath@dimen=\dimen155
\pgfmath@count=\count271
\pgfmath@box=\box53
\pgfmath@toks=\toks26
\pgfmath@stack@operand=\toks27
\pgfmath@stack@operation=\toks28
)
(C:\Users\HP\AppData\Local\Programs\MiKTeX\tex/generic/pgf/math\pgfmathfunction
s.code.tex)
(C:\Users\HP\AppData\Local\Programs\MiKTeX\tex/generic/pgf/math\pgfmathfunction
s.basic.code.tex)
(C:\Users\HP\AppData\Local\Programs\MiKTeX\tex/generic/pgf/math\pgfmathfunction
s.trigonometric.code.tex)
(C:\Users\HP\AppData\Local\Programs\MiKTeX\tex/generic/pgf/math\pgfmathfunction
s.random.code.tex)
(C:\Users\HP\AppData\Local\Programs\MiKTeX\tex/generic/pgf/math\pgfmathfunction
s.comparison.code.tex)
(C:\Users\HP\AppData\Local\Programs\MiKTeX\tex/generic/pgf/math\pgfmathfunction
s.base.code.tex)
(C:\Users\HP\AppData\Local\Programs\MiKTeX\tex/generic/pgf/math\pgfmathfunction
s.round.code.tex)
(C:\Users\HP\AppData\Local\Programs\MiKTeX\tex/generic/pgf/math\pgfmathfunction
s.misc.code.tex)
(C:\Users\HP\AppData\Local\Programs\MiKTeX\tex/generic/pgf/math\pgfmathfunction
s.integerarithmetics.code.tex)
(C:\Users\HP\AppData\Local\Programs\MiKTeX\tex/generic/pgf/math\pgfmathcalc.cod
e.tex)
(C:\Users\HP\AppData\Local\Programs\MiKTeX\tex/generic/pgf/math\pgfmathfloat.co
de.tex
\c@pgfmathroundto@lastzeros=\count272
))
(C:\Users\HP\AppData\Local\Programs\MiKTeX\tex/generic/pgf/math\pgfint.code.tex
)
(C:\Users\HP\AppData\Local\Programs\MiKTeX\tex/generic/pgf/basiclayer\pgfcorepo
ints.code.tex
File: pgfcorepoints.code.tex 2023-01-15 v3.1.10 (3.1.10)
\pgf@picminx=\dimen156
\pgf@picmaxx=\dimen157
\pgf@picminy=\dimen158
\pgf@picmaxy=\dimen159
\pgf@pathminx=\dimen160
\pgf@pathmaxx=\dimen161
\pgf@pathminy=\dimen162
\pgf@pathmaxy=\dimen163
\pgf@xx=\dimen164
\pgf@xy=\dimen165
\pgf@yx=\dimen166
\pgf@yy=\dimen167
\pgf@zx=\dimen168
\pgf@zy=\dimen169
)
(C:\Users\HP\AppData\Local\Programs\MiKTeX\tex/generic/pgf/basiclayer\pgfcorepa
thconstruct.code.tex
File: pgfcorepathconstruct.code.tex 2023-01-15 v3.1.10 (3.1.10)
\pgf@path@lastx=\dimen170
\pgf@path@lasty=\dimen171
)
(C:\Users\HP\AppData\Local\Programs\MiKTeX\tex/generic/pgf/basiclayer\pgfcorepa
thusage.code.tex
File: pgfcorepathusage.code.tex 2023-01-15 v3.1.10 (3.1.10)
\pgf@shorten@end@additional=\dimen172
\pgf@shorten@start@additional=\dimen173
)
(C:\Users\HP\AppData\Local\Programs\MiKTeX\tex/generic/pgf/basiclayer\pgfcoresc
opes.code.tex
File: pgfcorescopes.code.tex 2023-01-15 v3.1.10 (3.1.10)
\pgfpic=\box54
\pgf@hbox=\box55
\pgf@layerbox@main=\box56
\pgf@picture@serial@count=\count273
)
(C:\Users\HP\AppData\Local\Programs\MiKTeX\tex/generic/pgf/basiclayer\pgfcoregr
aphicstate.code.tex
File: pgfcoregraphicstate.code.tex 2023-01-15 v3.1.10 (3.1.10)
\pgflinewidth=\dimen174
)
(C:\Users\HP\AppData\Local\Programs\MiKTeX\tex/generic/pgf/basiclayer\pgfcoretr
ansformations.code.tex
File: pgfcoretransformations.code.tex 2023-01-15 v3.1.10 (3.1.10)
\pgf@pt@x=\dimen175
\pgf@pt@y=\dimen176
\pgf@pt@temp=\dimen177
)
(C:\Users\HP\AppData\Local\Programs\MiKTeX\tex/generic/pgf/basiclayer\pgfcorequ
ick.code.tex
File: pgfcorequick.code.tex 2023-01-15 v3.1.10 (3.1.10)
)
(C:\Users\HP\AppData\Local\Programs\MiKTeX\tex/generic/pgf/basiclayer\pgfcoreob
jects.code.tex
File: pgfcoreobjects.code.tex 2023-01-15 v3.1.10 (3.1.10)
)
(C:\Users\HP\AppData\Local\Programs\MiKTeX\tex/generic/pgf/basiclayer\pgfcorepa
thprocessing.code.tex
File: pgfcorepathprocessing.code.tex 2023-01-15 v3.1.10 (3.1.10)
)
(C:\Users\HP\AppData\Local\Programs\MiKTeX\tex/generic/pgf/basiclayer\pgfcorear
rows.code.tex
File: pgfcorearrows.code.tex 2023-01-15 v3.1.10 (3.1.10)
\pgfarrowsep=\dimen178
)
(C:\Users\HP\AppData\Local\Programs\MiKTeX\tex/generic/pgf/basiclayer\pgfcoresh
ade.code.tex
File: pgfcoreshade.code.tex 2023-01-15 v3.1.10 (3.1.10)
\pgf@max=\dimen179
\pgf@sys@shading@range@num=\count274
\pgf@shadingcount=\count275
)
(C:\Users\HP\AppData\Local\Programs\MiKTeX\tex/generic/pgf/basiclayer\pgfcoreim
age.code.tex
File: pgfcoreimage.code.tex 2023-01-15 v3.1.10 (3.1.10)
)
(C:\Users\HP\AppData\Local\Programs\MiKTeX\tex/generic/pgf/basiclayer\pgfcoreex
ternal.code.tex
File: pgfcoreexternal.code.tex 2023-01-15 v3.1.10 (3.1.10)
\pgfexternal@startupbox=\box57
)
(C:\Users\HP\AppData\Local\Programs\MiKTeX\tex/generic/pgf/basiclayer\pgfcorela
yers.code.tex
File: pgfcorelayers.code.tex 2023-01-15 v3.1.10 (3.1.10)
)
(C:\Users\HP\AppData\Local\Programs\MiKTeX\tex/generic/pgf/basiclayer\pgfcoretr
ansparency.code.tex
File: pgfcoretransparency.code.tex 2023-01-15 v3.1.10 (3.1.10)
)
(C:\Users\HP\AppData\Local\Programs\MiKTeX\tex/generic/pgf/basiclayer\pgfcorepa
tterns.code.tex
File: pgfcorepatterns.code.tex 2023-01-15 v3.1.10 (3.1.10)
)
(C:\Users\HP\AppData\Local\Programs\MiKTeX\tex/generic/pgf/basiclayer\pgfcorerd
f.code.tex
File: pgfcorerdf.code.tex 2023-01-15 v3.1.10 (3.1.10)
)))
(C:\Users\HP\AppData\Local\Programs\MiKTeX\tex/generic/pgf/modules\pgfmodulesha
pes.code.tex
File: pgfmoduleshapes.code.tex 2023-01-15 v3.1.10 (3.1.10)
\pgfnodeparttextbox=\box58
)
(C:\Users\HP\AppData\Local\Programs\MiKTeX\tex/generic/pgf/modules\pgfmoduleplo
t.code.tex
File: pgfmoduleplot.code.tex 2023-01-15 v3.1.10 (3.1.10)
)
(C:\Users\HP\AppData\Local\Programs\MiKTeX\tex/latex/pgf/compatibility\pgfcomp-
version-0-65.sty
Package: pgfcomp-version-0-65 2023-01-15 v3.1.10 (3.1.10)
\pgf@nodesepstart=\dimen180
\pgf@nodesepend=\dimen181
)
(C:\Users\HP\AppData\Local\Programs\MiKTeX\tex/latex/pgf/compatibility\pgfcomp-
version-1-18.sty
Package: pgfcomp-version-1-18 2023-01-15 v3.1.10 (3.1.10)
))
(C:\Users\HP\AppData\Local\Programs\MiKTeX\tex/latex/pgf/utilities\pgffor.sty
(C:\Users\HP\AppData\Local\Programs\MiKTeX\tex/latex/pgf/utilities\pgfkeys.sty
(C:\Users\HP\AppData\Local\Programs\MiKTeX\tex/generic/pgf/utilities\pgfkeys.co
de.tex))
(C:\Users\HP\AppData\Local\Programs\MiKTeX\tex/latex/pgf/math\pgfmath.sty
(C:\Users\HP\AppData\Local\Programs\MiKTeX\tex/generic/pgf/math\pgfmath.code.te
x))
(C:\Users\HP\AppData\Local\Programs\MiKTeX\tex/generic/pgf/utilities\pgffor.cod
e.tex
Package: pgffor 2023-01-15 v3.1.10 (3.1.10)
\pgffor@iter=\dimen182
\pgffor@skip=\dimen183
\pgffor@stack=\toks29
\pgffor@toks=\toks30
))
(C:\Users\HP\AppData\Local\Programs\MiKTeX\tex/generic/pgf/frontendlayer/tikz\t
ikz.code.tex
Package: tikz 2023-01-15 v3.1.10 (3.1.10)

(C:\Users\HP\AppData\Local\Programs\MiKTeX\tex/generic/pgf/libraries\pgflibrary
plothandlers.code.tex
File: pgflibraryplothandlers.code.tex 2023-01-15 v3.1.10 (3.1.10)
\pgf@plot@mark@count=\count276
\pgfplotmarksize=\dimen184
)
\tikz@lastx=\dimen185
\tikz@lasty=\dimen186
\tikz@lastxsaved=\dimen187
\tikz@lastysaved=\dimen188
\tikz@lastmovetox=\dimen189
\tikz@lastmovetoy=\dimen190
\tikzleveldistance=\dimen191
\tikzsiblingdistance=\dimen192
\tikz@figbox=\box59
\tikz@figbox@bg=\box60
\tikz@tempbox=\box61
\tikz@tempbox@bg=\box62
\tikztreelevel=\count277
\tikznumberofchildren=\count278
\tikznumberofcurrentchild=\count279
\tikz@fig@count=\count280

(C:\Users\HP\AppData\Local\Programs\MiKTeX\tex/generic/pgf/modules\pgfmodulemat
rix.code.tex
File: pgfmodulematrix.code.tex 2023-01-15 v3.1.10 (3.1.10)
\pgfmatrixcurrentrow=\count281
\pgfmatrixcurrentcolumn=\count282
\pgf@matrix@numberofcolumns=\count283
)
\tikz@expandcount=\count284

(C:\Users\HP\AppData\Local\Programs\MiKTeX\tex/generic/pgf/frontendlayer/tikz/l
ibraries\tikzlibrarytopaths.code.tex
File: tikzlibrarytopaths.code.tex 2023-01-15 v3.1.10 (3.1.10)
)))
(C:\Users\HP\AppData\Local\Programs\MiKTeX\tex/latex/scalerel\scalerel.sty
Package: scalerel 2016/12/29 v1.8 Routines for constrained scaling and stretchi
ng of objects, relative to a reference object or in absolute terms

(C:\Users\HP\AppData\Local\Programs\MiKTeX\tex/latex/tools\calc.sty
Package: calc 2023/07/08 v4.3 Infix arithmetic (KKT,FJ)
\calc@Acount=\count285
\calc@Bcount=\count286
\calc@Adimen=\dimen193
\calc@Bdimen=\dimen194
\calc@Askip=\skip50
\calc@Bskip=\skip51
LaTeX Info: Redefining \setlength on input line 80.
LaTeX Info: Redefining \addtolength on input line 81.
\calc@Ccount=\count287
\calc@Cskip=\skip52
)
(C:\Users\HP\AppData\Local\Programs\MiKTeX\tex/latex/etoolbox\etoolbox.sty
Package: etoolbox 2020/10/05 v2.5k e-TeX tools for LaTeX (JAW)
\etb@tempcnta=\count288
)
\thesrwidth=\skip53
\thesrheight=\skip54
\srblobheight=\skip55
\srblobdepth=\skip56
\mnxsrwidth=\skip57
\LMex=\skip58
\LMpt=\skip59
)
(C:\Users\HP\AppData\Local\Programs\MiKTeX\tex/latex/pict2e\pict2e.sty
Package: pict2e 2020/09/30 v0.4b Improved picture commands (HjG,RN,JT)

(C:\Users\HP\AppData\Local\Programs\MiKTeX\tex/latex/pict2e\pict2e.cfg
File: pict2e.cfg 2016/02/05 v0.1u pict2e configuration for teTeX/TeXLive
)
Package pict2e Info: Driver file: pdftex.def on input line 112.
Package pict2e Info: Driver file for pict2e: p2e-pdftex.def on input line 114.

(C:\Users\HP\AppData\Local\Programs\MiKTeX\tex/latex/pict2e\p2e-pdftex.def
File: p2e-pdftex.def 2016/02/05 v0.1u Driver-dependant file (RN,HjG,JT)
)
\pIIe@GRAPH=\toks31
\@arclen=\dimen195
\@arcrad=\dimen196
\pIIe@tempdima=\dimen197
\pIIe@tempdimb=\dimen198
\pIIe@tempdimc=\dimen199
\pIIe@tempdimd=\dimen256
\pIIe@tempdime=\dimen257
\pIIe@tempdimf=\dimen258
)
(C:\Users\HP\AppData\Local\Programs\MiKTeX\tex/latex/tkz-euclide\tkz-euclide.st
y
2024/04/19 5.10c tkz-euclide.sty
Package: tkz-euclide  2024/04/19 5.10c for pure Euclidean Geometry 

(C:\Users\HP\AppData\Local\Programs\MiKTeX\tex/generic/pgf/frontendlayer/tikz/l
ibraries\tikzlibraryangles.code.tex
File: tikzlibraryangles.code.tex 2023-01-15 v3.1.10 (3.1.10)
)
(C:\Users\HP\AppData\Local\Programs\MiKTeX\tex/generic/pgf/frontendlayer/tikz/l
ibraries\tikzlibraryarrows.code.tex
File: tikzlibraryarrows.code.tex 2023-01-15 v3.1.10 (3.1.10)

(C:\Users\HP\AppData\Local\Programs\MiKTeX\tex/generic/pgf/libraries\pgflibrary
arrows.code.tex
File: pgflibraryarrows.code.tex 2023-01-15 v3.1.10 (3.1.10)
\arrowsize=\dimen259
))
(C:\Users\HP\AppData\Local\Programs\MiKTeX\tex/generic/pgf/libraries\pgflibrary
arrows.meta.code.tex
File: pgflibraryarrows.meta.code.tex 2023-01-15 v3.1.10 (3.1.10)
\pgfarrowinset=\dimen260
\pgfarrowlength=\dimen261
\pgfarrowwidth=\dimen262
\pgfarrowlinewidth=\dimen263
)
(C:\Users\HP\AppData\Local\Programs\MiKTeX\tex/generic/pgf/frontendlayer/tikz/l
ibraries\tikzlibrarybackgrounds.code.tex
File: tikzlibrarybackgrounds.code.tex 2023-01-15 v3.1.10 (3.1.10)
\pgf@layerbox@background=\box63
\pgf@layerboxsaved@background=\box64
)
(C:\Users\HP\AppData\Local\Programs\MiKTeX\tex/generic/pgf/frontendlayer/tikz/l
ibraries\tikzlibrarycalc.code.tex
File: tikzlibrarycalc.code.tex 2023-01-15 v3.1.10 (3.1.10)
)
(C:\Users\HP\AppData\Local\Programs\MiKTeX\tex/generic/pgf/frontendlayer/tikz/l
ibraries\tikzlibrarydecorations.code.tex
(C:\Users\HP\AppData\Local\Programs\MiKTeX\tex/generic/pgf/modules\pgfmoduledec
orations.code.tex
\pgfdecoratedcompleteddistance=\dimen264
\pgfdecoratedremainingdistance=\dimen265
\pgfdecoratedinputsegmentcompleteddistance=\dimen266
\pgfdecoratedinputsegmentremainingdistance=\dimen267
\pgf@decorate@distancetomove=\dimen268
\pgf@decorate@repeatstate=\count289
\pgfdecorationsegmentamplitude=\dimen269
\pgfdecorationsegmentlength=\dimen270
)
\tikz@lib@dec@box=\box65
)
(C:\Users\HP\AppData\Local\Programs\MiKTeX\tex/generic/pgf/frontendlayer/tikz/l
ibraries\tikzlibrarydecorations.markings.code.tex
(C:\Users\HP\AppData\Local\Programs\MiKTeX\tex/generic/pgf/libraries/decoration
s\pgflibrarydecorations.markings.code.tex))
(C:\Users\HP\AppData\Local\Programs\MiKTeX\tex/generic/pgf/frontendlayer/tikz/l
ibraries\tikzlibrarydecorations.pathreplacing.code.tex
(C:\Users\HP\AppData\Local\Programs\MiKTeX\tex/generic/pgf/libraries/decoration
s\pgflibrarydecorations.pathreplacing.code.tex))
(C:\Users\HP\AppData\Local\Programs\MiKTeX\tex/generic/pgf/frontendlayer/tikz/l
ibraries\tikzlibrarydecorations.shapes.code.tex
(C:\Users\HP\AppData\Local\Programs\MiKTeX\tex/generic/pgf/libraries/decoration
s\pgflibrarydecorations.shapes.code.tex))
(C:\Users\HP\AppData\Local\Programs\MiKTeX\tex/generic/pgf/frontendlayer/tikz/l
ibraries\tikzlibrarydecorations.text.code.tex
(C:\Users\HP\AppData\Local\Programs\MiKTeX\tex/generic/pgf/libraries/decoration
s\pgflibrarydecorations.text.code.tex
\pgf@lib@dec@text@box=\box66
)
\tikz@lib@dec@te@box=\box67
)
(C:\Users\HP\AppData\Local\Programs\MiKTeX\tex/generic/pgf/frontendlayer/tikz/l
ibraries\tikzlibrarydecorations.pathmorphing.code.tex
(C:\Users\HP\AppData\Local\Programs\MiKTeX\tex/generic/pgf/libraries/decoration
s\pgflibrarydecorations.pathmorphing.code.tex))
(C:\Users\HP\AppData\Local\Programs\MiKTeX\tex/generic/pgf/frontendlayer/tikz/l
ibraries\tikzlibraryintersections.code.tex
(C:\Users\HP\AppData\Local\Programs\MiKTeX\tex/generic/pgf/libraries\pgflibrary
intersections.code.tex
(C:\Users\HP\AppData\Local\Programs\MiKTeX\tex/generic/pgf/libraries\pgflibrary
fpu.code.tex)
\pgf@intersect@solutions=\count290
))
(C:\Users\HP\AppData\Local\Programs\MiKTeX\tex/generic/pgf/frontendlayer/tikz/l
ibraries\tikzlibrarymath.code.tex
(C:\Users\HP\AppData\Local\Programs\MiKTeX\tex/generic/pgf/frontendlayer/tikz/l
ibraries\tikzlibraryfpu.code.tex)
\tikz@math@for@depth=\count291
\tikz@math@dimen=\dimen271
\tikz@math@toks=\toks32
)
(C:\Users\HP\AppData\Local\Programs\MiKTeX\tex/generic/pgf/frontendlayer/tikz/l
ibraries\tikzlibraryplotmarks.code.tex
File: tikzlibraryplotmarks.code.tex 2023-01-15 v3.1.10 (3.1.10)

(C:\Users\HP\AppData\Local\Programs\MiKTeX\tex/generic/pgf/libraries\pgflibrary
plotmarks.code.tex
File: pgflibraryplotmarks.code.tex 2023-01-15 v3.1.10 (3.1.10)
))
(C:\Users\HP\AppData\Local\Programs\MiKTeX\tex/generic/pgf/frontendlayer/tikz/l
ibraries\tikzlibrarypositioning.code.tex
File: tikzlibrarypositioning.code.tex 2023-01-15 v3.1.10 (3.1.10)
)
(C:\Users\HP\AppData\Local\Programs\MiKTeX\tex/generic/pgf/frontendlayer/tikz/l
ibraries\tikzlibraryquotes.code.tex
File: tikzlibraryquotes.code.tex 2023-01-15 v3.1.10 (3.1.10)
)
(C:\Users\HP\AppData\Local\Programs\MiKTeX\tex/generic/pgf/frontendlayer/tikz/l
ibraries\tikzlibraryshapes.misc.code.tex
File: tikzlibraryshapes.misc.code.tex 2023-01-15 v3.1.10 (3.1.10)

(C:\Users\HP\AppData\Local\Programs\MiKTeX\tex/generic/pgf/libraries/shapes\pgf
libraryshapes.misc.code.tex
File: pgflibraryshapes.misc.code.tex 2023-01-15 v3.1.10 (3.1.10)
))
(C:\Users\HP\AppData\Local\Programs\MiKTeX\tex/generic/pgf/frontendlayer/tikz/l
ibraries\tikzlibrarythrough.code.tex
File: tikzlibrarythrough.code.tex 2023-01-15 v3.1.10 (3.1.10)
)
(C:\Users\HP\AppData\Local\Programs\MiKTeX\tex/latex/l3packages/xfp\xfp.sty
(C:\Users\HP\AppData\Local\Programs\MiKTeX\tex/latex/l3kernel\expl3.sty
Package: expl3 2024-01-04 L3 programming layer (loader) 

(C:\Users\HP\AppData\Local\Programs\MiKTeX\tex/latex/l3backend\l3backend-pdftex
.def
File: l3backend-pdftex.def 2024-01-04 L3 backend support: PDF output (pdfTeX)
\l__color_backend_stack_int=\count292
\l__pdf_internal_box=\box68
))
Package: xfp 2023-10-10 L3 Floating point unit
) (C:\Users\HP\AppData\Local\Programs\MiKTeX\tex/latex/xpatch\xpatch.sty
Package: xpatch 2020/03/25 v0.3a Extending etoolbox patching commands

(C:\Users\HP\AppData\Local\Programs\MiKTeX\tex/latex/l3packages/xparse\xparse.s
ty
Package: xparse 2023-10-10 L3 Experimental document command parser
))
\tkzRadius=\dimen272
\tkzLength=\dimen273
\tkz@radi=\dimen274
\tkz@ax=\dimen275
\tkz@ay=\dimen276
\tkz@bx=\dimen277
\tkz@by=\dimen278
\tkz@cx=\dimen279
\tkz@cy=\dimen280
\tkz@dx=\dimen281
\tkz@dy=\dimen282
\tkz@cntmk=\count293

Local configuration file tkz-euclide.cfg found and used

(C:\Users\HP\AppData\Local\Programs\MiKTeX\tex/latex/tkz-euclide\tkz-euclide.cf
g
2024/04/19 5.10c tkz-euclide.cfg
)
(C:\Users\HP\AppData\Local\Programs\MiKTeX\tex/latex/tkz-euclide/tools\tkz-tool
s-eu-base.tex
2024/04/19 5.10c tkz-tools-eu-base.tex
)
(C:\Users\HP\AppData\Local\Programs\MiKTeX\tex/latex/tkz-euclide/tools\tkz-tool
s-eu-utilities.tex
2024/04/19 5.10c tkz-tools-eu-utilities.tex
)
(C:\Users\HP\AppData\Local\Programs\MiKTeX\tex/latex/tkz-euclide/tools\tkz-tool
s-eu-BB.tex
2024/04/19 5.10c tkz-obj-eu-BB.tex
)
(C:\Users\HP\AppData\Local\Programs\MiKTeX\tex/latex/tkz-euclide/obj\tkz-obj-eu
-grids.tex
2024/04/19 5.10c tkz-obj-eu-grids.tex
)
(C:\Users\HP\AppData\Local\Programs\MiKTeX\tex/latex/tkz-euclide/libs\tkz-lib-e
u-marks.tex
2024/04/19 5.10c tkz-lib-eu-marks.tex
)
(C:\Users\HP\AppData\Local\Programs\MiKTeX\tex/latex/tkz-euclide/tools\tkz-tool
s-eu-text.tex
2024/04/19 5.10c tkz-tools-eu-text.tex
)
(C:\Users\HP\AppData\Local\Programs\MiKTeX\tex/latex/tkz-euclide/libs\tkz-lib-e
u-shape.tex
2024/04/19 5.10c tkz-lib-eu-shape.tex
)
(C:\Users\HP\AppData\Local\Programs\MiKTeX\tex/latex/tkz-euclide/obj\tkz-obj-eu
-axesmin.tex
2024/04/19 5.10c tkz-obj-eu-axesmin
)
(C:\Users\HP\AppData\Local\Programs\MiKTeX\tex/latex/tkz-euclide/tools\tkz-tool
s-eu-colors.tex
2024/04/19 5.10c tkz-tools-eu-colors
)
(C:\Users\HP\AppData\Local\Programs\MiKTeX\tex/latex/tkz-euclide/obj\tkz-obj-eu
-points.tex
2024/04/19 5.10c tkz-obj-eu-points.tex
)
(C:\Users\HP\AppData\Local\Programs\MiKTeX\tex/latex/tkz-euclide/drawings\tkz-d
raw-eu-points.tex
2024/04/19 5.10c tkz-draw-eu-points.tex
)
(C:\Users\HP\AppData\Local\Programs\MiKTeX\tex/latex/tkz-euclide/obj\tkz-obj-eu
-points.tex
2024/04/19 5.10c tkz-obj-eu-points.tex
)
(C:\Users\HP\AppData\Local\Programs\MiKTeX\tex/latex/tkz-euclide/obj\tkz-obj-eu
-points-by.tex
2024/04/19 5.10c tkz-tools-eu-points-by.tex
)
(C:\Users\HP\AppData\Local\Programs\MiKTeX\tex/latex/tkz-euclide/tools\tkz-tool
s-eu-math.tex
2024/04/19 5.10c tkz-tools-eu-math.tex
)
(C:\Users\HP\AppData\Local\Programs\MiKTeX\tex/latex/tkz-euclide/tools\tkz-tool
s-eu-intersections.tex
2024/04/19 5.10c tkz-tools-eu-intersections.tex
)
(C:\Users\HP\AppData\Local\Programs\MiKTeX\tex/latex/tkz-euclide/obj\tkz-obj-eu
-points-with.tex
2024/04/19 5.10c tkz-obj-eu-points-with.tex
)
(C:\Users\HP\AppData\Local\Programs\MiKTeX\tex/latex/tkz-euclide/obj\tkz-obj-eu
-points-spc.tex
2024/04/19 5.10c tkz-obj-el-points.tex
)
(C:\Users\HP\AppData\Local\Programs\MiKTeX\tex/latex/tkz-euclide/tools\tkz-tool
s-eu-angles.tex
2024/04/19 5.10c tkz-tools-eu-angles.tex
)
(C:\Users\HP\AppData\Local\Programs\MiKTeX\tex/latex/tkz-euclide/obj\tkz-obj-eu
-circles.tex
2024/04/19 5.10c tkz-obj-eu-circles.tex
)
(C:\Users\HP\AppData\Local\Programs\MiKTeX\tex/latex/tkz-euclide/obj\tkz-obj-eu
-circles-by.tex
2024/04/19 5.10c tkz-obj-eu-circles.tex
)
(C:\Users\HP\AppData\Local\Programs\MiKTeX\tex/latex/tkz-euclide/obj\tkz-obj-eu
-points-rnd.tex
2024/04/19 5.10c tkz-obj-eu-points-rnd.tex
)
(C:\Users\HP\AppData\Local\Programs\MiKTeX\tex/latex/tkz-euclide/obj\tkz-obj-eu
-lines.tex
2024/04/19 5.10c tkz-obj-eu-lines.tex
)
(C:\Users\HP\AppData\Local\Programs\MiKTeX\tex/latex/tkz-euclide/obj\tkz-obj-eu
-polygons.tex
2024/04/19 5.10c tkz-obj-eu-polygons.tex
)
(C:\Users\HP\AppData\Local\Programs\MiKTeX\tex/latex/tkz-euclide/obj\tkz-obj-eu
-triangles.tex
2024/04/19 5.10c tkz-obj-eu-triangles.tex
)
(C:\Users\HP\AppData\Local\Programs\MiKTeX\tex/latex/tkz-euclide/drawings\tkz-d
raw-eu-lines.tex
2024/04/19 5.10c tkz-obj-eu-draw-lines.tex
)
(C:\Users\HP\AppData\Local\Programs\MiKTeX\tex/latex/tkz-euclide/drawings\tkz-d
raw-eu-circles.tex
2024/04/19 5.10c tkz-obj-eu-draw-circles.tex
)
(C:\Users\HP\AppData\Local\Programs\MiKTeX\tex/latex/tkz-euclide/drawings\tkz-d
raw-eu-ellipses.tex
2024/04/19 5.10c tkz-obj-eu-draw-ellipses.tex
)
(C:\Users\HP\AppData\Local\Programs\MiKTeX\tex/latex/tkz-euclide/drawings\tkz-d
raw-eu-polygons.tex
2024/04/19 5.10c tkz-obj-eu-polygons.tex
)
(C:\Users\HP\AppData\Local\Programs\MiKTeX\tex/latex/tkz-euclide/drawings\tkz-d
raw-eu-arcs.tex
2024/04/19 5.10c tkz-tool-eu-arcs.tex
)
(C:\Users\HP\AppData\Local\Programs\MiKTeX\tex/latex/tkz-euclide/drawings\tkz-d
raw-eu-angles.tex
2024/04/19 5.10c tkz-tool-eu-angles.tex
)
(C:\Users\HP\AppData\Local\Programs\MiKTeX\tex/latex/tkz-euclide/drawings\tkz-d
raw-eu-sectors.tex
2024/04/19 5.10c tkz-obj-eu-sectors.tex
)
(C:\Users\HP\AppData\Local\Programs\MiKTeX\tex/latex/tkz-euclide/drawings\tkz-d
raw-eu-compass.tex
2024/04/19 5.10c tkz-obj-eu-compass.tex
)
(C:\Users\HP\AppData\Local\Programs\MiKTeX\tex/latex/tkz-euclide/drawings\tkz-d
raw-eu-show.tex
2024/04/19 5.10c tkz-obj-eu-show.tex
)
(C:\Users\HP\AppData\Local\Programs\MiKTeX\tex/latex/tkz-euclide/drawings\tkz-d
raw-eu-protractor.tex
2024/04/19 5.10c tkz-obj-eu-protractor.tex
))
(C:\Users\HP\AppData\Local\Programs\MiKTeX\tex/generic/pgf/frontendlayer/tikz/l
ibraries\tikzlibrarypatterns.code.tex
File: tikzlibrarypatterns.code.tex 2023-01-15 v3.1.10 (3.1.10)

(C:\Users\HP\AppData\Local\Programs\MiKTeX\tex/generic/pgf/libraries\pgflibrary
patterns.code.tex
File: pgflibrarypatterns.code.tex 2023-01-15 v3.1.10 (3.1.10)
))
(C:\Users\HP\AppData\Local\Programs\MiKTeX\tex/generic/pgf/frontendlayer/tikz/l
ibraries\tikzlibraryshadows.code.tex
File: tikzlibraryshadows.code.tex 2023-01-15 v3.1.10 (3.1.10)

(C:\Users\HP\AppData\Local\Programs\MiKTeX\tex/generic/pgf/frontendlayer/tikz/l
ibraries\tikzlibraryfadings.code.tex
File: tikzlibraryfadings.code.tex 2023-01-15 v3.1.10 (3.1.10)

(C:\Users\HP\AppData\Local\Programs\MiKTeX\tex/generic/pgf/libraries\pgflibrary
fadings.code.tex
File: pgflibraryfadings.code.tex 2023-01-15 v3.1.10 (3.1.10)
)))
(C:\Users\HP\AppData\Local\Programs\MiKTeX\tex/latex/pgf/frontendlayer/librarie
s\tikzlibraryexternal.code.tex
(C:\Users\HP\AppData\Local\Programs\MiKTeX\tex/generic/pdftexcmds\pdftexcmds.st
y
Package: pdftexcmds 2020-06-27 v0.33 Utility functions of pdfTeX for LuaTeX (HO
)

(C:\Users\HP\AppData\Local\Programs\MiKTeX\tex/generic/infwarerr\infwarerr.sty
Package: infwarerr 2019/12/03 v1.5 Providing info/warning/error messages (HO)
) (C:\Users\HP\AppData\Local\Programs\MiKTeX\tex/generic/ltxcmds\ltxcmds.sty
Package: ltxcmds 2023-12-04 v1.26 LaTeX kernel commands for general use (HO)
)
Package pdftexcmds Info: \pdf@primitive is available.
Package pdftexcmds Info: \pdf@ifprimitive is available.
Package pdftexcmds Info: \pdfdraftmode found.
)
(C:\Users\HP\AppData\Local\Programs\MiKTeX\tex/latex/base\atveryend-ltx.sty
Package: atveryend-ltx 2020/08/19 v1.0a Emulation of the original atveryend pac
kage
with kernel methods
)
(C:\Users\HP\AppData\Local\Programs\MiKTeX\tex/generic/pgf/frontendlayer/tikz/l
ibraries\tikzexternalshared.code.tex))
(C:\Users\HP\AppData\Local\Programs\MiKTeX\tex/latex/pgfplots\pgfplots.sty
(C:\Users\HP\AppData\Local\Programs\MiKTeX\tex/generic/pgfplots\pgfplots.revisi
on.tex)
Package: pgfplots 2021/05/15 v1.18.1 Data Visualization (1.18.1)

(C:\Users\HP\AppData\Local\Programs\MiKTeX\tex/generic/pgfplots\pgfplots.code.t
ex
(C:\Users\HP\AppData\Local\Programs\MiKTeX\tex/generic/pgfplots\pgfplotscore.co
de.tex
\t@pgfplots@toka=\toks33
\t@pgfplots@tokb=\toks34
\t@pgfplots@tokc=\toks35
\pgfplots@tmpa=\dimen283
\c@pgfplots@coordindex=\count294
\c@pgfplots@scanlineindex=\count295

(C:\Users\HP\AppData\Local\Programs\MiKTeX\tex/generic/pgfplots/sys\pgfplotssys
generic.code.tex))
(C:\Users\HP\AppData\Local\Programs\MiKTeX\tex/generic/pgfplots/libs\pgfplotsli
brary.code.tex)
(C:\Users\HP\AppData\Local\Programs\MiKTeX\tex/generic/pgfplots/oldpgfcompatib\
pgfplotsoldpgfsupp_loader.code.tex
Package pgfplots: loading complementary utilities for your pgf version...
\t@pgf@toka=\toks36
\t@pgf@tokb=\toks37
\t@pgf@tokc=\toks38

(C:\Users\HP\AppData\Local\Programs\MiKTeX\tex/generic/pgfplots/oldpgfcompatib\
pgfplotsoldpgfsupp_pgfutil-common-lists.tex))
(C:\Users\HP\AppData\Local\Programs\MiKTeX\tex/generic/pgfplots/util\pgfplotsut
il.code.tex
(C:\Users\HP\AppData\Local\Programs\MiKTeX\tex/generic/pgfplots/liststructure\p
gfplotsliststructure.code.tex)
(C:\Users\HP\AppData\Local\Programs\MiKTeX\tex/generic/pgfplots/liststructure\p
gfplotsliststructureext.code.tex)
(C:\Users\HP\AppData\Local\Programs\MiKTeX\tex/generic/pgfplots/liststructure\p
gfplotsarray.code.tex
\c@pgfplotsarray@tmp=\count296
)
(C:\Users\HP\AppData\Local\Programs\MiKTeX\tex/generic/pgfplots/liststructure\p
gfplotsmatrix.code.tex)
(C:\Users\HP\AppData\Local\Programs\MiKTeX\tex/generic/pgfplots/numtable\pgfplo
tstableshared.code.tex
\c@pgfplotstable@counta=\count297
\t@pgfplotstable@a=\toks39
)
(C:\Users\HP\AppData\Local\Programs\MiKTeX\tex/generic/pgfplots/liststructure\p
gfplotsdeque.code.tex)
(C:\Users\HP\AppData\Local\Programs\MiKTeX\tex/generic/pgfplots/util\pgfplotsbi
nary.code.tex
(C:\Users\HP\AppData\Local\Programs\MiKTeX\tex/generic/pgfplots/util\pgfplotsbi
nary.data.code.tex))
(C:\Users\HP\AppData\Local\Programs\MiKTeX\tex/generic/pgfplots/util\pgfplotsut
il.verb.code.tex)
(C:\Users\HP\AppData\Local\Programs\MiKTeX\tex/generic/pgfplots/libs\pgflibrary
pgfplots.surfshading.code.tex
\c@pgfplotslibrarysurf@no=\count298

(C:\Users\HP\AppData\Local\Programs\MiKTeX\tex/generic/pgfplots/sys\pgflibraryp
gfplots.surfshading.pgfsys-pdftex.def)))
(C:\Users\HP\AppData\Local\Programs\MiKTeX\tex/generic/pgfplots/util\pgfplotsco
lormap.code.tex
(C:\Users\HP\AppData\Local\Programs\MiKTeX\tex/generic/pgfplots/util\pgfplotsco
lor.code.tex))
(C:\Users\HP\AppData\Local\Programs\MiKTeX\tex/generic/pgfplots\pgfplotsstacked
plots.code.tex)
(C:\Users\HP\AppData\Local\Programs\MiKTeX\tex/generic/pgfplots\pgfplotsplothan
dlers.code.tex
(C:\Users\HP\AppData\Local\Programs\MiKTeX\tex/generic/pgfplots\pgfplotsmeshplo
thandler.code.tex
(C:\Users\HP\AppData\Local\Programs\MiKTeX\tex/generic/pgfplots\pgfplotsmeshplo
timage.code.tex)))
(C:\Users\HP\AppData\Local\Programs\MiKTeX\tex/generic/pgfplots\pgfplots.scalin
g.code.tex)
(C:\Users\HP\AppData\Local\Programs\MiKTeX\tex/generic/pgfplots\pgfplotscoordpr
ocessing.code.tex)
(C:\Users\HP\AppData\Local\Programs\MiKTeX\tex/generic/pgfplots\pgfplots.errorb
ars.code.tex)
(C:\Users\HP\AppData\Local\Programs\MiKTeX\tex/generic/pgfplots\pgfplots.marker
s.code.tex)
(C:\Users\HP\AppData\Local\Programs\MiKTeX\tex/generic/pgfplots\pgfplotsticks.c
ode.tex)
(C:\Users\HP\AppData\Local\Programs\MiKTeX\tex/generic/pgfplots\pgfplots.paths.
code.tex)
(C:\Users\HP\AppData\Local\Programs\MiKTeX\tex/generic/pgfplots/libs\tikzlibrar
ypgfplots.contourlua.code.tex)
\pgfplots@numplots=\count299
\pgfplots@xmin@reg=\dimen284
\pgfplots@xmax@reg=\dimen285
\pgfplots@ymin@reg=\dimen286
\pgfplots@ymax@reg=\dimen287
\pgfplots@zmin@reg=\dimen288
\pgfplots@zmax@reg=\dimen289
))
(C:\Users\HP\AppData\Local\Programs\MiKTeX\tex/generic/pgfplots/libs\tikzlibrar
ypgfplots.statistics.code.tex)
(C:\Users\HP\AppData\Local\Programs\MiKTeX\tex/generic/pgfplots/libs\tikzlibrar
ypgfplots.fillbetween.code.tex
(C:\Users\HP\AppData\Local\Programs\MiKTeX\tex/generic/pgfplots/pgfcontrib\tikz
libraryfillbetween.code.tex
(C:\Users\HP\AppData\Local\Programs\MiKTeX\tex/generic/pgfplots/pgfcontrib\tikz
librarydecorations.softclip.code.tex
(C:\Users\HP\AppData\Local\Programs\MiKTeX\tex/generic/pgfplots/pgfcontrib\pgfl
ibraryfillbetween.code.tex)))
(C:\Users\HP\AppData\Local\Programs\MiKTeX\tex/generic/pgfplots/libs\tikzlibrar
ypgfplots.decorations.softclip.code.tex))
(C:\Users\HP\AppData\Local\Programs\MiKTeX\tex/latex/units\nicefrac.sty
Package: nicefrac 1998/08/04 v0.9b Nice fractions
\L@UnitsRaiseDisplaystyle=\skip60
\L@UnitsRaiseTextstyle=\skip61
\L@UnitsRaiseScriptstyle=\skip62

(C:\Users\HP\AppData\Local\Programs\MiKTeX\tex/latex/base\ifthen.sty
Package: ifthen 2022/04/13 v1.1d Standard LaTeX ifthen package (DPC)
))
(_4_Tikz.aux)
\openout1 = `_4_Tikz.aux'.

LaTeX Font Info:    Checking defaults for OML/cmm/m/it on input line 29.
LaTeX Font Info:    ... okay on input line 29.
LaTeX Font Info:    Checking defaults for OMS/cmsy/m/n on input line 29.
LaTeX Font Info:    ... okay on input line 29.
LaTeX Font Info:    Checking defaults for OT1/cmr/m/n on input line 29.
LaTeX Font Info:    ... okay on input line 29.
LaTeX Font Info:    Checking defaults for T1/cmr/m/n on input line 29.
LaTeX Font Info:    ... okay on input line 29.
LaTeX Font Info:    Checking defaults for TS1/cmr/m/n on input line 29.
LaTeX Font Info:    ... okay on input line 29.
LaTeX Font Info:    Checking defaults for OMX/cmex/m/n on input line 29.
LaTeX Font Info:    ... okay on input line 29.
LaTeX Font Info:    Checking defaults for U/cmr/m/n on input line 29.
LaTeX Font Info:    ... okay on input line 29.

(C:\Users\HP\AppData\Local\Programs\MiKTeX\tex/context/base/mkii\supp-pdf.mkii
[Loading MPS to PDF converter (version 2006.09.02).]
\scratchcounter=\count300
\scratchdimen=\dimen290
\scratchbox=\box69
\nofMPsegments=\count301
\nofMParguments=\count302
\everyMPshowfont=\toks40
\MPscratchCnt=\count303
\MPscratchDim=\dimen291
\MPnumerator=\count304
\makeMPintoPDFobject=\count305
\everyMPtoPDFconversion=\toks41
)
(C:\Users\HP\AppData\Local\Programs\MiKTeX\tex/latex/epstopdf-pkg\epstopdf-base
.sty
Package: epstopdf-base 2020-01-24 v2.11 Base part for package epstopdf
Package epstopdf-base Info: Redefining graphics rule for `.eps' on input line 4
85.

(C:\Users\HP\AppData\Local\Programs\MiKTeX\tex/latex/00miktex\epstopdf-sys.cfg
File: epstopdf-sys.cfg 2021/03/18 v2.0 Configuration of epstopdf for MiKTeX
))
Package pgfplots notification 'compat/show suggested version=true': document ha
s been generated with the most recent feature set (\pgfplotsset{compat=1.18}).

LaTeX Font Info:    External font `cmex10' loaded for size
(Font)              <7> on input line 38.
LaTeX Font Info:    External font `cmex10' loaded for size
(Font)              <5> on input line 38.
[1

{C:/Users/HP/AppData/Local/MiKTeX/fonts/map/pdftex/pdftex.map}] (_4_Tikz.aux)
 ***********
LaTeX2e <2023-11-01> patch level 1
L3 programming layer <2020/03/25>
 ***********
 ) 
Here is how much of TeX's memory you used:
 28840 strings out of 474486
 773674 string characters out of 5745170
 1930542 words of memory out of 5000000
 50526 multiletter control sequences out of 15000+600000
 558069 words of font info for 36 fonts, out of 8000000 for 9000
 1141 hyphenation exceptions out of 8191
 102i,8n,107p,1177b,689s stack positions out of 10000i,1000n,20000p,200000b,200000s
<C:/Users/HP/AppData/Local/Programs/MiKTeX/fonts/type1/public/amsfonts/cm/cmm
i10.pfb><C:/Users/HP/AppData/Local/Programs/MiKTeX/fonts/type1/public/amsfonts/
cm/cmr10.pfb><C:/Users/HP/AppData/Local/Programs/MiKTeX/fonts/type1/public/amsf
onts/cm/cmr7.pfb>
Output written on _4_Tikz.pdf (1 page, 34874 bytes).
PDF statistics:
 48 PDF objects out of 1000 (max. 8388607)
 0 named destinations out of 1000 (max. 500000)
 109 words of extra memory for PDF output out of 10000 (max. 10000000)

